2020-11-19 10:09:09,609 [1 ]ERROR - [Logger]_load_white_ip_list_  whiteip.bytes content is :114.255.24.2--[_load_white_ip_list_:94]
2020-11-19 10:09:09,619 [1 ]ERROR - [Logger]_load_white_ip_list_  whiteip.bytes content is :192.168.1.81--[_load_white_ip_list_:94]
2020-11-19 10:09:09,620 [1 ]ERROR - [Logger]_load_white_ip_list_  whiteip.bytes content is :117.184.30.22--[_load_white_ip_list_:94]
2020-11-19 10:09:09,620 [1 ]ERROR - [Logger]_load_white_ip_list_  whiteip.bytes content is :192.168.1.1--[_load_white_ip_list_:94]
2020-11-19 10:09:09,887 [1 ]INFO  - [Logger]Load resource version at path : http://192.168.1.126/Ver_2/, res version : 71--[LoadDataByVersion:107]
2020-11-19 10:09:09,887 [1 ]INFO  - [Logger]Reload data success at path = data.1.0.0.bytes--[LoadDataByVersion:122]
2020-11-19 10:10:50,114 [7 ]ERROR - [Logger]SvrlistRequestAction  HTTP_X_FORWARDED_FOR is  null--[SvrlistRequestAction:134]
2020-11-19 10:10:51,681 [7 ]ERROR - [Logger]SvrlistRequestAction  HTTP_X_FORWARDED_FOR is  null--[SvrlistRequestAction:134]
2020-11-19 13:12:23,651 [31]ERROR - [Logger]SvrlistRequestAction  HTTP_X_FORWARDED_FOR is  null--[SvrlistRequestAction:134]
2020-11-19 13:12:24,884 [31]ERROR - [Logger]SvrlistRequestAction  HTTP_X_FORWARDED_FOR is  null--[SvrlistRequestAction:134]
2020-11-19 13:16:16,804 [33]ERROR - [Logger]SvrlistRequestAction  HTTP_X_FORWARDED_FOR is  null--[SvrlistRequestAction:134]
2020-11-19 13:16:22,602 [39]ERROR - [Logger]SvrlistRequestAction  HTTP_X_FORWARDED_FOR is  null--[SvrlistRequestAction:134]
2020-11-19 13:16:40,763 [33]ERROR - [Logger]SvrlistRequestAction  HTTP_X_FORWARDED_FOR is  null--[SvrlistRequestAction:134]
2020-11-19 13:16:41,882 [33]ERROR - [Logger]SvrlistRequestAction  HTTP_X_FORWARDED_FOR is  null--[SvrlistRequestAction:134]
2020-11-19 13:18:31,630 [45]ERROR - [Logger]SvrlistRequestAction  HTTP_X_FORWARDED_FOR is  null--[SvrlistRequestAction:134]
2020-11-19 13:18:32,686 [46]ERROR - [Logger]SvrlistRequestAction  HTTP_X_FORWARDED_FOR is  null--[SvrlistRequestAction:134]
2020-11-19 13:18:46,453 [46]ERROR - [Logger]SvrlistRequestAction  HTTP_X_FORWARDED_FOR is  null--[SvrlistRequestAction:134]
2020-11-19 13:18:47,271 [46]ERROR - [Logger]SvrlistRequestAction  HTTP_X_FORWARDED_FOR is  null--[SvrlistRequestAction:134]
2020-11-19 13:27:04,218 [52]ERROR - [Logger]SvrlistRequestAction  HTTP_X_FORWARDED_FOR is  null--[SvrlistRequestAction:134]
2020-11-19 13:40:27,904 [60]ERROR - [Logger]SvrlistRequestAction  HTTP_X_FORWARDED_FOR is  null--[SvrlistRequestAction:134]
2020-11-19 13:40:29,357 [58]ERROR - [Logger]SvrlistRequestAction  HTTP_X_FORWARDED_FOR is  null--[SvrlistRequestAction:134]
2020-11-19 13:41:56,471 [61]ERROR - [Logger]SvrlistRequestAction  HTTP_X_FORWARDED_FOR is  null--[SvrlistRequestAction:134]
2020-11-19 13:41:57,906 [66]ERROR - [Logger]SvrlistRequestAction  HTTP_X_FORWARDED_FOR is  null--[SvrlistRequestAction:134]
2020-11-19 13:44:30,480 [60]ERROR - [Logger]SvrlistRequestAction  HTTP_X_FORWARDED_FOR is  null--[SvrlistRequestAction:134]
2020-11-19 13:54:57,534 [72]ERROR - [Logger]SvrlistRequestAction  HTTP_X_FORWARDED_FOR is  null--[SvrlistRequestAction:134]
2020-11-19 14:04:10,732 [79]ERROR - [Logger]SvrlistRequestAction  HTTP_X_FORWARDED_FOR is  null--[SvrlistRequestAction:134]
2020-11-19 14:16:01,502 [84]ERROR - [Logger]SvrlistRequestAction  HTTP_X_FORWARDED_FOR is  null--[SvrlistRequestAction:134]
2020-11-19 14:21:55,072 [76]ERROR - [Logger]SvrlistRequestAction  HTTP_X_FORWARDED_FOR is  null--[SvrlistRequestAction:134]
2020-11-19 14:21:56,066 [74]ERROR - [Logger]SvrlistRequestAction  HTTP_X_FORWARDED_FOR is  null--[SvrlistRequestAction:134]
2020-11-19 14:23:22,863 [74]ERROR - [Logger]SvrlistRequestAction  HTTP_X_FORWARDED_FOR is  null--[SvrlistRequestAction:134]
2020-11-19 14:24:12,618 [64]ERROR - [Logger]SvrlistRequestAction  HTTP_X_FORWARDED_FOR is  null--[SvrlistRequestAction:134]
2020-11-19 14:24:55,896 [67]ERROR - [Logger]SvrlistRequestAction  HTTP_X_FORWARDED_FOR is  null--[SvrlistRequestAction:134]
2020-11-19 14:25:09,856 [64]ERROR - [Logger]SvrlistRequestAction  HTTP_X_FORWARDED_FOR is  null--[SvrlistRequestAction:134]
2020-11-19 14:25:27,962 [67]ERROR - [Logger]SvrlistRequestAction  HTTP_X_FORWARDED_FOR is  null--[SvrlistRequestAction:134]
2020-11-19 14:25:48,827 [55]ERROR - [Logger]SvrlistRequestAction  HTTP_X_FORWARDED_FOR is  null--[SvrlistRequestAction:134]
2020-11-19 14:25:58,876 [54]ERROR - [Logger]SvrlistRequestAction  HTTP_X_FORWARDED_FOR is  null--[SvrlistRequestAction:134]
2020-11-19 14:36:25,706 [48]ERROR - [Logger]SvrlistRequestAction  HTTP_X_FORWARDED_FOR is  null--[SvrlistRequestAction:134]
2020-11-19 14:36:46,753 [41]ERROR - [Logger]SvrlistRequestAction  HTTP_X_FORWARDED_FOR is  null--[SvrlistRequestAction:134]
2020-11-19 14:37:16,966 [41]ERROR - [Logger]SvrlistRequestAction  HTTP_X_FORWARDED_FOR is  null--[SvrlistRequestAction:134]
2020-11-19 14:37:18,065 [40]ERROR - [Logger]SvrlistRequestAction  HTTP_X_FORWARDED_FOR is  null--[SvrlistRequestAction:134]
2020-11-19 14:42:39,059 [37]ERROR - [Logger]SvrlistRequestAction  HTTP_X_FORWARDED_FOR is  null--[SvrlistRequestAction:134]
2020-11-19 14:42:40,812 [35]ERROR - [Logger]SvrlistRequestAction  HTTP_X_FORWARDED_FOR is  null--[SvrlistRequestAction:134]
2020-11-19 14:43:43,779 [30]ERROR - [Logger]SvrlistRequestAction  HTTP_X_FORWARDED_FOR is  null--[SvrlistRequestAction:134]
2020-11-19 14:44:07,596 [30]ERROR - [Logger]SvrlistRequestAction  HTTP_X_FORWARDED_FOR is  null--[SvrlistRequestAction:134]
2020-11-19 14:47:27,958 [21]ERROR - [Logger]SvrlistRequestAction  HTTP_X_FORWARDED_FOR is  null--[SvrlistRequestAction:134]
2020-11-19 14:48:37,739 [21]ERROR - [Logger]SvrlistRequestAction  HTTP_X_FORWARDED_FOR is  null--[SvrlistRequestAction:134]
2020-11-19 14:48:47,510 [22]ERROR - [Logger]SvrlistRequestAction  HTTP_X_FORWARDED_FOR is  null--[SvrlistRequestAction:134]
2020-11-19 14:49:25,769 [23]ERROR - [Logger]SvrlistRequestAction  HTTP_X_FORWARDED_FOR is  null--[SvrlistRequestAction:134]
2020-11-19 14:49:26,901 [23]ERROR - [Logger]SvrlistRequestAction  HTTP_X_FORWARDED_FOR is  null--[SvrlistRequestAction:134]
2020-11-19 14:49:41,010 [23]ERROR - [Logger]SvrlistRequestAction  HTTP_X_FORWARDED_FOR is  null--[SvrlistRequestAction:134]
2020-11-19 14:55:26,925 [8 ]ERROR - [Logger]SvrlistRequestAction  HTTP_X_FORWARDED_FOR is  null--[SvrlistRequestAction:134]
2020-11-19 14:55:27,912 [8 ]ERROR - [Logger]SvrlistRequestAction  HTTP_X_FORWARDED_FOR is  null--[SvrlistRequestAction:134]
2020-11-19 14:58:17,039 [11]ERROR - [Logger]SvrlistRequestAction  HTTP_X_FORWARDED_FOR is  null--[SvrlistRequestAction:134]
2020-11-19 14:58:17,881 [13]ERROR - [Logger]SvrlistRequestAction  HTTP_X_FORWARDED_FOR is  null--[SvrlistRequestAction:134]
2020-11-19 15:00:46,298 [16]ERROR - [Logger]SvrlistRequestAction  HTTP_X_FORWARDED_FOR is  null--[SvrlistRequestAction:134]
2020-11-19 15:00:47,727 [21]ERROR - [Logger]SvrlistRequestAction  HTTP_X_FORWARDED_FOR is  null--[SvrlistRequestAction:134]
2020-11-19 15:02:33,699 [13]ERROR - [Logger]SvrlistRequestAction  HTTP_X_FORWARDED_FOR is  null--[SvrlistRequestAction:134]
2020-11-19 15:02:34,534 [13]ERROR - [Logger]SvrlistRequestAction  HTTP_X_FORWARDED_FOR is  null--[SvrlistRequestAction:134]
2020-11-19 15:03:46,472 [26]ERROR - [Logger]SvrlistRequestAction  HTTP_X_FORWARDED_FOR is  null--[SvrlistRequestAction:134]
2020-11-19 15:03:47,459 [18]ERROR - [Logger]SvrlistRequestAction  HTTP_X_FORWARDED_FOR is  null--[SvrlistRequestAction:134]
2020-11-19 15:04:28,508 [13]ERROR - [Logger]SvrlistRequestAction  HTTP_X_FORWARDED_FOR is  null--[SvrlistRequestAction:134]
2020-11-19 15:04:30,009 [18]ERROR - [Logger]SvrlistRequestAction  HTTP_X_FORWARDED_FOR is  null--[SvrlistRequestAction:134]
2020-11-19 15:08:07,048 [25]ERROR - [Logger]SvrlistRequestAction  HTTP_X_FORWARDED_FOR is  null--[SvrlistRequestAction:134]
2020-11-19 15:08:07,923 [39]ERROR - [Logger]SvrlistRequestAction  HTTP_X_FORWARDED_FOR is  null--[SvrlistRequestAction:134]
2020-11-19 15:16:07,588 [35]ERROR - [Logger]SvrlistRequestAction  HTTP_X_FORWARDED_FOR is  null--[SvrlistRequestAction:134]
2020-11-19 15:16:08,625 [45]ERROR - [Logger]SvrlistRequestAction  HTTP_X_FORWARDED_FOR is  null--[SvrlistRequestAction:134]
2020-11-19 15:19:34,152 [45]ERROR - [Logger]SvrlistRequestAction  HTTP_X_FORWARDED_FOR is  null--[SvrlistRequestAction:134]
2020-11-19 15:19:35,610 [46]ERROR - [Logger]SvrlistRequestAction  HTTP_X_FORWARDED_FOR is  null--[SvrlistRequestAction:134]
2020-11-19 15:37:49,138 [45]ERROR - [Logger]SvrlistRequestAction  HTTP_X_FORWARDED_FOR is  null--[SvrlistRequestAction:134]
2020-11-19 15:37:51,798 [53]ERROR - [Logger]SvrlistRequestAction  HTTP_X_FORWARDED_FOR is  null--[SvrlistRequestAction:134]
2020-11-19 15:37:54,188 [46]ERROR - [Logger]SvrlistRequestAction  HTTP_X_FORWARDED_FOR is  null--[SvrlistRequestAction:134]
2020-11-19 15:37:56,929 [46]ERROR - [Logger]SvrlistRequestAction  HTTP_X_FORWARDED_FOR is  null--[SvrlistRequestAction:134]
2020-11-19 15:39:27,773 [53]ERROR - [Logger]SvrlistRequestAction  HTTP_X_FORWARDED_FOR is  null--[SvrlistRequestAction:134]
2020-11-19 15:39:29,525 [54]ERROR - [Logger]SvrlistRequestAction  HTTP_X_FORWARDED_FOR is  null--[SvrlistRequestAction:134]
2020-11-19 15:46:08,638 [66]ERROR - [Logger]SvrlistRequestAction  HTTP_X_FORWARDED_FOR is  null--[SvrlistRequestAction:134]
2020-11-19 15:46:10,283 [62]ERROR - [Logger]SvrlistRequestAction  HTTP_X_FORWARDED_FOR is  null--[SvrlistRequestAction:134]
2020-11-19 15:53:27,338 [68]ERROR - [Logger]SvrlistRequestAction  HTTP_X_FORWARDED_FOR is  null--[SvrlistRequestAction:134]
2020-11-19 15:53:29,009 [68]ERROR - [Logger]SvrlistRequestAction  HTTP_X_FORWARDED_FOR is  null--[SvrlistRequestAction:134]
2020-11-19 15:55:15,157 [81]ERROR - [Logger]SvrlistRequestAction  HTTP_X_FORWARDED_FOR is  null--[SvrlistRequestAction:134]
2020-11-19 15:55:16,812 [77]ERROR - [Logger]SvrlistRequestAction  HTTP_X_FORWARDED_FOR is  null--[SvrlistRequestAction:134]
2020-11-19 16:02:06,734 [79]ERROR - [Logger]SvrlistRequestAction  HTTP_X_FORWARDED_FOR is  null--[SvrlistRequestAction:134]
2020-11-19 16:02:08,222 [83]ERROR - [Logger]SvrlistRequestAction  HTTP_X_FORWARDED_FOR is  null--[SvrlistRequestAction:134]
2020-11-19 16:04:34,833 [78]ERROR - [Logger]SvrlistRequestAction  HTTP_X_FORWARDED_FOR is  null--[SvrlistRequestAction:134]
2020-11-19 16:04:36,249 [86]ERROR - [Logger]SvrlistRequestAction  HTTP_X_FORWARDED_FOR is  null--[SvrlistRequestAction:134]
2020-11-19 16:05:38,862 [63]ERROR - [Logger]SvrlistRequestAction  HTTP_X_FORWARDED_FOR is  null--[SvrlistRequestAction:134]
2020-11-19 16:05:40,289 [78]ERROR - [Logger]SvrlistRequestAction  HTTP_X_FORWARDED_FOR is  null--[SvrlistRequestAction:134]
2020-11-19 16:06:23,522 [71]ERROR - [Logger]SvrlistRequestAction  HTTP_X_FORWARDED_FOR is  null--[SvrlistRequestAction:134]
2020-11-19 16:06:24,989 [70]ERROR - [Logger]SvrlistRequestAction  HTTP_X_FORWARDED_FOR is  null--[SvrlistRequestAction:134]
2020-11-19 16:10:40,298 [74]ERROR - [Logger]SvrlistRequestAction  HTTP_X_FORWARDED_FOR is  null--[SvrlistRequestAction:134]
2020-11-19 16:10:41,803 [74]ERROR - [Logger]SvrlistRequestAction  HTTP_X_FORWARDED_FOR is  null--[SvrlistRequestAction:134]
2020-11-19 16:12:28,493 [61]ERROR - [Logger]SvrlistRequestAction  HTTP_X_FORWARDED_FOR is  null--[SvrlistRequestAction:134]
2020-11-19 16:12:29,930 [58]ERROR - [Logger]SvrlistRequestAction  HTTP_X_FORWARDED_FOR is  null--[SvrlistRequestAction:134]
2020-11-19 16:14:51,759 [56]ERROR - [Logger]SvrlistRequestAction  HTTP_X_FORWARDED_FOR is  null--[SvrlistRequestAction:134]
2020-11-19 16:14:56,039 [59]ERROR - [Logger]SvrlistRequestAction  HTTP_X_FORWARDED_FOR is  null--[SvrlistRequestAction:134]
2020-11-19 16:23:54,612 [50]ERROR - [Logger]SvrlistRequestAction  HTTP_X_FORWARDED_FOR is  null--[SvrlistRequestAction:134]
2020-11-19 16:23:56,060 [40]ERROR - [Logger]SvrlistRequestAction  HTTP_X_FORWARDED_FOR is  null--[SvrlistRequestAction:134]
2020-11-19 16:29:03,018 [49]ERROR - [Logger]SvrlistRequestAction  HTTP_X_FORWARDED_FOR is  null--[SvrlistRequestAction:134]
2020-11-19 16:29:04,468 [47]ERROR - [Logger]SvrlistRequestAction  HTTP_X_FORWARDED_FOR is  null--[SvrlistRequestAction:134]
2020-11-19 16:34:48,928 [47]ERROR - [Logger]SvrlistRequestAction  HTTP_X_FORWARDED_FOR is  null--[SvrlistRequestAction:134]
2020-11-19 16:34:50,359 [42]ERROR - [Logger]SvrlistRequestAction  HTTP_X_FORWARDED_FOR is  null--[SvrlistRequestAction:134]
2020-11-19 16:43:59,851 [35]ERROR - [Logger]SvrlistRequestAction  HTTP_X_FORWARDED_FOR is  null--[SvrlistRequestAction:134]
2020-11-19 16:44:01,266 [32]ERROR - [Logger]SvrlistRequestAction  HTTP_X_FORWARDED_FOR is  null--[SvrlistRequestAction:134]
2020-11-19 16:48:56,854 [32]ERROR - [Logger]SvrlistRequestAction  HTTP_X_FORWARDED_FOR is  null--[SvrlistRequestAction:134]
2020-11-19 16:48:58,306 [24]ERROR - [Logger]SvrlistRequestAction  HTTP_X_FORWARDED_FOR is  null--[SvrlistRequestAction:134]
2020-11-19 16:58:09,581 [43]ERROR - [Logger]SvrlistRequestAction  HTTP_X_FORWARDED_FOR is  null--[SvrlistRequestAction:134]
2020-11-19 16:58:11,021 [43]ERROR - [Logger]SvrlistRequestAction  HTTP_X_FORWARDED_FOR is  null--[SvrlistRequestAction:134]
2020-11-19 16:59:27,501 [16]ERROR - [Logger]SvrlistRequestAction  HTTP_X_FORWARDED_FOR is  null--[SvrlistRequestAction:134]
2020-11-19 16:59:28,375 [18]ERROR - [Logger]SvrlistRequestAction  HTTP_X_FORWARDED_FOR is  null--[SvrlistRequestAction:134]
2020-11-19 17:05:19,023 [19]ERROR - [Logger]SvrlistRequestAction  HTTP_X_FORWARDED_FOR is  null--[SvrlistRequestAction:134]
2020-11-19 17:05:21,212 [8 ]ERROR - [Logger]SvrlistRequestAction  HTTP_X_FORWARDED_FOR is  null--[SvrlistRequestAction:134]
2020-11-19 17:07:35,524 [19]ERROR - [Logger]SvrlistRequestAction  HTTP_X_FORWARDED_FOR is  null--[SvrlistRequestAction:134]
2020-11-19 17:07:37,009 [91]ERROR - [Logger]SvrlistRequestAction  HTTP_X_FORWARDED_FOR is  null--[SvrlistRequestAction:134]
2020-11-19 17:08:05,946 [10]ERROR - [Logger]SvrlistRequestAction  HTTP_X_FORWARDED_FOR is  null--[SvrlistRequestAction:134]
2020-11-19 17:08:07,389 [10]ERROR - [Logger]SvrlistRequestAction  HTTP_X_FORWARDED_FOR is  null--[SvrlistRequestAction:134]
2020-11-19 17:10:03,938 [14]ERROR - [Logger]SvrlistRequestAction  HTTP_X_FORWARDED_FOR is  null--[SvrlistRequestAction:134]
2020-11-19 17:10:05,423 [23]ERROR - [Logger]SvrlistRequestAction  HTTP_X_FORWARDED_FOR is  null--[SvrlistRequestAction:134]
2020-11-19 17:12:22,960 [17]ERROR - [Logger]SvrlistRequestAction  HTTP_X_FORWARDED_FOR is  null--[SvrlistRequestAction:134]
2020-11-19 17:12:24,434 [16]ERROR - [Logger]SvrlistRequestAction  HTTP_X_FORWARDED_FOR is  null--[SvrlistRequestAction:134]
2020-11-19 17:13:46,762 [33]ERROR - [Logger]SvrlistRequestAction  HTTP_X_FORWARDED_FOR is  null--[SvrlistRequestAction:134]
2020-11-19 17:13:48,217 [30]ERROR - [Logger]SvrlistRequestAction  HTTP_X_FORWARDED_FOR is  null--[SvrlistRequestAction:134]
2020-11-19 17:15:06,012 [33]ERROR - [Logger]SvrlistRequestAction  HTTP_X_FORWARDED_FOR is  null--[SvrlistRequestAction:134]
2020-11-19 17:15:07,442 [32]ERROR - [Logger]SvrlistRequestAction  HTTP_X_FORWARDED_FOR is  null--[SvrlistRequestAction:134]
2020-11-19 17:21:41,884 [35]ERROR - [Logger]SvrlistRequestAction  HTTP_X_FORWARDED_FOR is  null--[SvrlistRequestAction:134]
2020-11-19 17:21:43,326 [45]ERROR - [Logger]SvrlistRequestAction  HTTP_X_FORWARDED_FOR is  null--[SvrlistRequestAction:134]
2020-11-19 17:22:30,119 [11]ERROR - [Logger]SvrlistRequestAction  HTTP_X_FORWARDED_FOR is  null--[SvrlistRequestAction:134]
2020-11-19 17:22:30,968 [46]ERROR - [Logger]SvrlistRequestAction  HTTP_X_FORWARDED_FOR is  null--[SvrlistRequestAction:134]
