2020-11-23 10:24:21,749 [1 ]ERROR - [Logger]_load_white_ip_list_  whiteip.bytes content is :114.255.24.2--[_load_white_ip_list_:94]
2020-11-23 10:24:21,773 [1 ]ERROR - [Logger]_load_white_ip_list_  whiteip.bytes content is :192.168.1.81--[_load_white_ip_list_:94]
2020-11-23 10:24:21,774 [1 ]ERROR - [Logger]_load_white_ip_list_  whiteip.bytes content is :117.184.30.22--[_load_white_ip_list_:94]
2020-11-23 10:24:21,774 [1 ]ERROR - [Logger]_load_white_ip_list_  whiteip.bytes content is :192.168.1.1--[_load_white_ip_list_:94]
2020-11-23 10:24:23,162 [1 ]INFO  - [Logger]Load resource version at path : http://192.168.1.126/Ver_2/, res version : 364--[LoadDataByVersion:107]
2020-11-23 10:24:23,163 [1 ]INFO  - [Logger]Reload data success at path = data.1.0.0.bytes--[LoadDataByVersion:122]
2020-11-23 10:24:27,888 [7 ]ERROR - [Logger]SvrlistRequestAction  HTTP_X_FORWARDED_FOR is  null--[SvrlistRequestAction:134]
2020-11-23 10:26:50,327 [4 ]ERROR - [Logger]SvrlistRequestAction  HTTP_X_FORWARDED_FOR is  null--[SvrlistRequestAction:134]
2020-11-23 10:26:51,746 [13]ERROR - [Logger]SvrlistRequestAction  HTTP_X_FORWARDED_FOR is  null--[SvrlistRequestAction:134]
2020-11-23 10:26:51,877 [9 ]ERROR - [Logger]command[/] is not found at /--[OnException:119]
System.InvalidOperationException: command[/] is not found at /
2020-11-23 11:05:57,027 [14]ERROR - [Logger]SvrlistRequestAction  HTTP_X_FORWARDED_FOR is  null--[SvrlistRequestAction:134]
2020-11-23 11:05:58,354 [19]ERROR - [Logger]SvrlistRequestAction  HTTP_X_FORWARDED_FOR is  null--[SvrlistRequestAction:134]
2020-11-23 11:06:02,874 [20]ERROR - [Logger]command[/] is not found at /--[OnException:119]
System.InvalidOperationException: command[/] is not found at /
2020-11-23 14:26:35,936 [57]ERROR - [Logger]SvrlistRequestAction  HTTP_X_FORWARDED_FOR is  null--[SvrlistRequestAction:134]
2020-11-23 14:26:37,217 [56]ERROR - [Logger]SvrlistRequestAction  HTTP_X_FORWARDED_FOR is  null--[SvrlistRequestAction:134]
2020-11-23 14:26:37,581 [59]ERROR - [Logger]command[/] is not found at /--[OnException:119]
System.InvalidOperationException: command[/] is not found at /
2020-11-23 14:28:05,367 [64]ERROR - [Logger]SvrlistRequestAction  HTTP_X_FORWARDED_FOR is  null--[SvrlistRequestAction:134]
2020-11-23 14:28:06,663 [64]ERROR - [Logger]SvrlistRequestAction  HTTP_X_FORWARDED_FOR is  null--[SvrlistRequestAction:134]
2020-11-23 14:28:11,258 [66]ERROR - [Logger]command[/] is not found at /--[OnException:119]
System.InvalidOperationException: command[/] is not found at /
2020-11-23 14:37:58,357 [65]ERROR - [Logger]SvrlistRequestAction  HTTP_X_FORWARDED_FOR is  null--[SvrlistRequestAction:134]
2020-11-23 14:37:59,632 [68]ERROR - [Logger]SvrlistRequestAction  HTTP_X_FORWARDED_FOR is  null--[SvrlistRequestAction:134]
2020-11-23 14:38:06,747 [70]ERROR - [Logger]command[/] is not found at /--[OnException:119]
System.InvalidOperationException: command[/] is not found at /
2020-11-23 14:47:41,899 [70]ERROR - [Logger]SvrlistRequestAction  HTTP_X_FORWARDED_FOR is  null--[SvrlistRequestAction:134]
2020-11-23 14:47:43,252 [67]ERROR - [Logger]SvrlistRequestAction  HTTP_X_FORWARDED_FOR is  null--[SvrlistRequestAction:134]
2020-11-23 14:47:44,550 [70]ERROR - [Logger]command[/] is not found at /--[OnException:119]
System.InvalidOperationException: command[/] is not found at /
2020-11-23 14:48:24,134 [65]ERROR - [Logger]SvrlistRequestAction  HTTP_X_FORWARDED_FOR is  null--[SvrlistRequestAction:134]
2020-11-23 14:48:25,444 [77]ERROR - [Logger]SvrlistRequestAction  HTTP_X_FORWARDED_FOR is  null--[SvrlistRequestAction:134]
2020-11-23 14:48:26,708 [77]ERROR - [Logger]command[/] is not found at /--[OnException:119]
System.InvalidOperationException: command[/] is not found at /
2020-11-23 16:11:38,560 [69]ERROR - [Logger]SvrlistRequestAction  HTTP_X_FORWARDED_FOR is  null--[SvrlistRequestAction:134]
2020-11-23 16:11:43,812 [69]ERROR - [Logger]SvrlistRequestAction  HTTP_X_FORWARDED_FOR is  null--[SvrlistRequestAction:134]
