2020-11-20 09:28:01,163 [1 ]ERROR - [Logger]_load_white_ip_list_  whiteip.bytes content is :114.255.24.2--[_load_white_ip_list_:94]
2020-11-20 09:28:01,202 [1 ]ERROR - [Logger]_load_white_ip_list_  whiteip.bytes content is :192.168.1.81--[_load_white_ip_list_:94]
2020-11-20 09:28:01,203 [1 ]ERROR - [Logger]_load_white_ip_list_  whiteip.bytes content is :117.184.30.22--[_load_white_ip_list_:94]
2020-11-20 09:28:01,203 [1 ]ERROR - [Logger]_load_white_ip_list_  whiteip.bytes content is :192.168.1.1--[_load_white_ip_list_:94]
2020-11-20 09:28:02,620 [1 ]INFO  - [Logger]Load resource version at path : http://192.168.1.126/Ver_2/, res version : 351--[LoadDataByVersion:107]
2020-11-20 09:28:02,621 [1 ]INFO  - [Logger]Reload data success at path = data.1.0.0.bytes--[LoadDataByVersion:122]
2020-11-20 09:36:44,697 [1 ]ERROR - [Logger]_load_white_ip_list_  whiteip.bytes content is :114.255.24.2--[_load_white_ip_list_:94]
2020-11-20 09:36:44,707 [1 ]ERROR - [Logger]_load_white_ip_list_  whiteip.bytes content is :192.168.1.81--[_load_white_ip_list_:94]
2020-11-20 09:36:44,708 [1 ]ERROR - [Logger]_load_white_ip_list_  whiteip.bytes content is :117.184.30.22--[_load_white_ip_list_:94]
2020-11-20 09:36:44,708 [1 ]ERROR - [Logger]_load_white_ip_list_  whiteip.bytes content is :192.168.1.1--[_load_white_ip_list_:94]
2020-11-20 09:36:44,898 [1 ]INFO  - [Logger]Load resource version at path : http://192.168.1.126/Ver_2/, res version : 351--[LoadDataByVersion:107]
2020-11-20 09:36:44,898 [1 ]INFO  - [Logger]Reload data success at path = data.1.0.0.bytes--[LoadDataByVersion:122]
2020-11-20 09:36:50,531 [4 ]ERROR - [Logger]SvrlistRequestAction  HTTP_X_FORWARDED_FOR is  null--[SvrlistRequestAction:134]
2020-11-20 09:36:52,499 [9 ]ERROR - [Logger]SvrlistRequestAction  HTTP_X_FORWARDED_FOR is  null--[SvrlistRequestAction:134]
2020-11-20 09:48:28,324 [22]ERROR - [Logger]SvrlistRequestAction  HTTP_X_FORWARDED_FOR is  null--[SvrlistRequestAction:134]
2020-11-20 09:48:34,707 [22]ERROR - [Logger]SvrlistRequestAction  HTTP_X_FORWARDED_FOR is  null--[SvrlistRequestAction:134]
2020-11-20 09:49:19,288 [32]ERROR - [Logger]SvrlistRequestAction  HTTP_X_FORWARDED_FOR is  null--[SvrlistRequestAction:134]
2020-11-20 09:49:20,983 [29]ERROR - [Logger]SvrlistRequestAction  HTTP_X_FORWARDED_FOR is  null--[SvrlistRequestAction:134]
2020-11-20 10:58:10,686 [1 ]INFO  - [Logger]Load resource version at path : http://192.168.1.126/Ver_2/, res version : 352--[LoadDataByVersion:107]
2020-11-20 10:58:10,688 [1 ]INFO  - [Logger]Reload data success at path = data.1.0.0.bytes--[LoadDataByVersion:122]
2020-11-20 13:48:26,796 [77]ERROR - [Logger]SvrlistRequestAction  HTTP_X_FORWARDED_FOR is  null--[SvrlistRequestAction:134]
2020-11-20 13:48:28,297 [79]ERROR - [Logger]SvrlistRequestAction  HTTP_X_FORWARDED_FOR is  null--[SvrlistRequestAction:134]
2020-11-20 13:48:40,352 [79]ERROR - [Logger]command[/] is not found at /--[OnException:119]
System.InvalidOperationException: command[/] is not found at /
2020-11-20 13:49:52,805 [1 ]INFO  - [Logger]Load resource version at path : http://192.168.1.126/Ver_2/, res version : 352--[LoadDataByVersion:107]
2020-11-20 13:49:52,806 [1 ]INFO  - [Logger]Reload data success at path = data.1.0.0.bytes--[LoadDataByVersion:122]
2020-11-20 13:50:10,451 [86]ERROR - [Logger]SvrlistRequestAction  HTTP_X_FORWARDED_FOR is  null--[SvrlistRequestAction:134]
2020-11-20 13:50:11,851 [88]ERROR - [Logger]SvrlistRequestAction  HTTP_X_FORWARDED_FOR is  null--[SvrlistRequestAction:134]
2020-11-20 13:50:21,503 [94]ERROR - [Logger]command[/] is not found at /--[OnException:119]
System.InvalidOperationException: command[/] is not found at /
2020-11-20 14:04:23,778 [57]ERROR - [Logger]SvrlistRequestAction  HTTP_X_FORWARDED_FOR is  null--[SvrlistRequestAction:134]
2020-11-20 14:04:28,822 [57]ERROR - [Logger]SvrlistRequestAction  HTTP_X_FORWARDED_FOR is  null--[SvrlistRequestAction:134]
2020-11-20 14:04:48,403 [57]ERROR - [Logger]SvrlistRequestAction  HTTP_X_FORWARDED_FOR is  null--[SvrlistRequestAction:134]
2020-11-20 14:04:49,689 [57]ERROR - [Logger]SvrlistRequestAction  HTTP_X_FORWARDED_FOR is  null--[SvrlistRequestAction:134]
2020-11-20 14:04:55,926 [57]ERROR - [Logger]command[/] is not found at /--[OnException:119]
System.InvalidOperationException: command[/] is not found at /
2020-11-20 14:06:19,984 [45]ERROR - [Logger]SvrlistRequestAction  HTTP_X_FORWARDED_FOR is  null--[SvrlistRequestAction:134]
2020-11-20 14:06:21,457 [45]ERROR - [Logger]SvrlistRequestAction  HTTP_X_FORWARDED_FOR is  null--[SvrlistRequestAction:134]
2020-11-20 14:06:22,516 [45]ERROR - [Logger]command[/] is not found at /--[OnException:119]
System.InvalidOperationException: command[/] is not found at /
2020-11-20 14:06:45,601 [44]ERROR - [Logger]SvrlistRequestAction  HTTP_X_FORWARDED_FOR is  null--[SvrlistRequestAction:134]
2020-11-20 14:06:47,062 [45]ERROR - [Logger]SvrlistRequestAction  HTTP_X_FORWARDED_FOR is  null--[SvrlistRequestAction:134]
2020-11-20 14:06:52,222 [44]ERROR - [Logger]command[/] is not found at /--[OnException:119]
System.InvalidOperationException: command[/] is not found at /
2020-11-20 14:07:26,643 [44]ERROR - [Logger]SvrlistRequestAction  HTTP_X_FORWARDED_FOR is  null--[SvrlistRequestAction:134]
2020-11-20 14:07:28,180 [40]ERROR - [Logger]SvrlistRequestAction  HTTP_X_FORWARDED_FOR is  null--[SvrlistRequestAction:134]
2020-11-20 14:07:32,299 [33]ERROR - [Logger]command[/] is not found at /--[OnException:119]
System.InvalidOperationException: command[/] is not found at /
2020-11-20 14:15:54,962 [18]ERROR - [Logger]SvrlistRequestAction  HTTP_X_FORWARDED_FOR is  null--[SvrlistRequestAction:134]
2020-11-20 14:15:58,568 [17]ERROR - [Logger]SvrlistRequestAction  HTTP_X_FORWARDED_FOR is  null--[SvrlistRequestAction:134]
2020-11-20 14:17:52,733 [13]ERROR - [Logger]SvrlistRequestAction  HTTP_X_FORWARDED_FOR is  null--[SvrlistRequestAction:134]
2020-11-20 14:17:54,144 [6 ]ERROR - [Logger]SvrlistRequestAction  HTTP_X_FORWARDED_FOR is  null--[SvrlistRequestAction:134]
2020-11-20 14:17:56,377 [8 ]ERROR - [Logger]command[/] is not found at /--[OnException:119]
System.InvalidOperationException: command[/] is not found at /
2020-11-20 14:20:27,398 [89]ERROR - [Logger]SvrlistRequestAction  HTTP_X_FORWARDED_FOR is  null--[SvrlistRequestAction:134]
2020-11-20 14:20:47,266 [11]ERROR - [Logger]SvrlistRequestAction  HTTP_X_FORWARDED_FOR is  null--[SvrlistRequestAction:134]
2020-11-20 14:33:40,345 [130]ERROR - [Logger]SvrlistRequestAction  HTTP_X_FORWARDED_FOR is  null--[SvrlistRequestAction:134]
2020-11-20 14:33:45,416 [130]ERROR - [Logger]SvrlistRequestAction  HTTP_X_FORWARDED_FOR is  null--[SvrlistRequestAction:134]
2020-11-20 14:33:55,840 [134]ERROR - [Logger]SvrlistRequestAction  HTTP_X_FORWARDED_FOR is  null--[SvrlistRequestAction:134]
2020-11-20 14:33:59,786 [134]ERROR - [Logger]SvrlistRequestAction  HTTP_X_FORWARDED_FOR is  null--[SvrlistRequestAction:134]
2020-11-20 14:43:54,812 [145]ERROR - [Logger]SvrlistRequestAction  HTTP_X_FORWARDED_FOR is  null--[SvrlistRequestAction:134]
2020-11-20 14:43:56,277 [148]ERROR - [Logger]SvrlistRequestAction  HTTP_X_FORWARDED_FOR is  null--[SvrlistRequestAction:134]
2020-11-20 14:43:56,468 [155]ERROR - [Logger]command[/] is not found at /--[OnException:119]
System.InvalidOperationException: command[/] is not found at /
2020-11-20 14:45:24,438 [156]ERROR - [Logger]SvrlistRequestAction  HTTP_X_FORWARDED_FOR is  null--[SvrlistRequestAction:134]
2020-11-20 14:45:25,563 [150]ERROR - [Logger]SvrlistRequestAction  HTTP_X_FORWARDED_FOR is  null--[SvrlistRequestAction:134]
2020-11-20 14:45:25,827 [157]ERROR - [Logger]command[/] is not found at /--[OnException:119]
System.InvalidOperationException: command[/] is not found at /
2020-11-20 14:46:34,360 [154]ERROR - [Logger]SvrlistRequestAction  HTTP_X_FORWARDED_FOR is  null--[SvrlistRequestAction:134]
2020-11-20 14:46:37,709 [160]ERROR - [Logger]SvrlistRequestAction  HTTP_X_FORWARDED_FOR is  null--[SvrlistRequestAction:134]
2020-11-20 14:47:01,963 [166]ERROR - [Logger]SvrlistRequestAction  HTTP_X_FORWARDED_FOR is  null--[SvrlistRequestAction:134]
2020-11-20 14:47:07,795 [154]ERROR - [Logger]SvrlistRequestAction  HTTP_X_FORWARDED_FOR is  null--[SvrlistRequestAction:134]
2020-11-20 15:22:07,326 [8 ]ERROR - [Logger]SvrlistRequestAction  HTTP_X_FORWARDED_FOR is  null--[SvrlistRequestAction:134]
2020-11-20 15:22:14,021 [15]ERROR - [Logger]SvrlistRequestAction  HTTP_X_FORWARDED_FOR is  null--[SvrlistRequestAction:134]
2020-11-20 15:25:03,712 [95]ERROR - [Logger]SvrlistRequestAction  HTTP_X_FORWARDED_FOR is  null--[SvrlistRequestAction:134]
2020-11-20 15:25:08,632 [98]ERROR - [Logger]SvrlistRequestAction  HTTP_X_FORWARDED_FOR is  null--[SvrlistRequestAction:134]
2020-11-20 15:25:27,929 [102]ERROR - [Logger]SvrlistRequestAction  HTTP_X_FORWARDED_FOR is  null--[SvrlistRequestAction:134]
2020-11-20 15:25:29,152 [101]ERROR - [Logger]SvrlistRequestAction  HTTP_X_FORWARDED_FOR is  null--[SvrlistRequestAction:134]
2020-11-20 15:25:29,340 [100]ERROR - [Logger]command[/] is not found at /--[OnException:119]
System.InvalidOperationException: command[/] is not found at /
2020-11-20 15:25:59,965 [98]ERROR - [Logger]SvrlistRequestAction  HTTP_X_FORWARDED_FOR is  null--[SvrlistRequestAction:134]
2020-11-20 15:26:01,595 [107]ERROR - [Logger]SvrlistRequestAction  HTTP_X_FORWARDED_FOR is  null--[SvrlistRequestAction:134]
2020-11-20 15:26:22,807 [106]ERROR - [Logger]SvrlistRequestAction  HTTP_X_FORWARDED_FOR is  null--[SvrlistRequestAction:134]
2020-11-20 15:26:26,023 [111]ERROR - [Logger]SvrlistRequestAction  HTTP_X_FORWARDED_FOR is  null--[SvrlistRequestAction:134]
2020-11-20 15:29:29,758 [116]ERROR - [Logger]SvrlistRequestAction  HTTP_X_FORWARDED_FOR is  null--[SvrlistRequestAction:134]
2020-11-20 15:29:31,162 [116]ERROR - [Logger]SvrlistRequestAction  HTTP_X_FORWARDED_FOR is  null--[SvrlistRequestAction:134]
2020-11-20 15:31:58,022 [125]ERROR - [Logger]SvrlistRequestAction  HTTP_X_FORWARDED_FOR is  null--[SvrlistRequestAction:134]
2020-11-20 15:31:59,435 [132]ERROR - [Logger]SvrlistRequestAction  HTTP_X_FORWARDED_FOR is  null--[SvrlistRequestAction:134]
2020-11-20 15:33:12,920 [128]ERROR - [Logger]SvrlistRequestAction  HTTP_X_FORWARDED_FOR is  null--[SvrlistRequestAction:134]
2020-11-20 15:33:14,400 [139]ERROR - [Logger]SvrlistRequestAction  HTTP_X_FORWARDED_FOR is  null--[SvrlistRequestAction:134]
2020-11-20 15:34:13,760 [137]ERROR - [Logger]SvrlistRequestAction  HTTP_X_FORWARDED_FOR is  null--[SvrlistRequestAction:134]
2020-11-20 15:34:15,238 [142]ERROR - [Logger]SvrlistRequestAction  HTTP_X_FORWARDED_FOR is  null--[SvrlistRequestAction:134]
2020-11-20 15:35:14,469 [142]ERROR - [Logger]SvrlistRequestAction  HTTP_X_FORWARDED_FOR is  null--[SvrlistRequestAction:134]
2020-11-20 15:35:15,912 [149]ERROR - [Logger]SvrlistRequestAction  HTTP_X_FORWARDED_FOR is  null--[SvrlistRequestAction:134]
2020-11-20 15:38:40,830 [148]ERROR - [Logger]SvrlistRequestAction  HTTP_X_FORWARDED_FOR is  null--[SvrlistRequestAction:134]
2020-11-20 15:38:42,485 [156]ERROR - [Logger]SvrlistRequestAction  HTTP_X_FORWARDED_FOR is  null--[SvrlistRequestAction:134]
2020-11-20 17:10:20,566 [110]ERROR - [Logger]SvrlistRequestAction  HTTP_X_FORWARDED_FOR is  null--[SvrlistRequestAction:134]
2020-11-20 17:10:22,148 [110]ERROR - [Logger]SvrlistRequestAction  HTTP_X_FORWARDED_FOR is  null--[SvrlistRequestAction:134]
2020-11-20 17:10:24,165 [111]ERROR - [Logger]command[/] is not found at /--[OnException:119]
System.InvalidOperationException: command[/] is not found at /
2020-11-20 17:14:19,664 [123]ERROR - [Logger]SvrlistRequestAction  HTTP_X_FORWARDED_FOR is  null--[SvrlistRequestAction:134]
2020-11-20 17:14:21,229 [126]ERROR - [Logger]SvrlistRequestAction  HTTP_X_FORWARDED_FOR is  null--[SvrlistRequestAction:134]
2020-11-20 17:14:27,435 [132]ERROR - [Logger]command[/] is not found at /--[OnException:119]
System.InvalidOperationException: command[/] is not found at /
2020-11-20 17:44:54,942 [35]ERROR - [Logger]SvrlistRequestAction  HTTP_X_FORWARDED_FOR is  null--[SvrlistRequestAction:134]
2020-11-20 17:44:56,196 [39]ERROR - [Logger]SvrlistRequestAction  HTTP_X_FORWARDED_FOR is  null--[SvrlistRequestAction:134]
2020-11-20 17:45:02,372 [43]ERROR - [Logger]command[/] is not found at /--[OnException:119]
System.InvalidOperationException: command[/] is not found at /
2020-11-20 17:45:13,114 [40]ERROR - [Logger]SvrlistRequestAction  HTTP_X_FORWARDED_FOR is  null--[SvrlistRequestAction:134]
2020-11-20 17:45:14,217 [43]ERROR - [Logger]SvrlistRequestAction  HTTP_X_FORWARDED_FOR is  null--[SvrlistRequestAction:134]
2020-11-20 17:45:14,392 [45]ERROR - [Logger]command[/] is not found at /--[OnException:119]
System.InvalidOperationException: command[/] is not found at /
2020-11-20 17:49:39,202 [56]ERROR - [Logger]SvrlistRequestAction  HTTP_X_FORWARDED_FOR is  null--[SvrlistRequestAction:134]
2020-11-20 17:49:40,354 [56]ERROR - [Logger]SvrlistRequestAction  HTTP_X_FORWARDED_FOR is  null--[SvrlistRequestAction:134]
2020-11-20 17:49:40,541 [49]ERROR - [Logger]command[/] is not found at /--[OnException:119]
System.InvalidOperationException: command[/] is not found at /
2020-11-20 19:23:17,617 [20]ERROR - [Logger]SvrlistRequestAction  HTTP_X_FORWARDED_FOR is  null--[SvrlistRequestAction:134]
2020-11-20 19:23:18,925 [20]ERROR - [Logger]SvrlistRequestAction  HTTP_X_FORWARDED_FOR is  null--[SvrlistRequestAction:134]
2020-11-20 19:23:23,400 [161]ERROR - [Logger]command[/] is not found at /--[OnException:119]
System.InvalidOperationException: command[/] is not found at /
